<?xml version="1.0" encoding="UTF-8"?>
<testsuite name="modelChecker.ModelCheckerTest" tests="4" skipped="0" failures="0" errors="0" timestamp="2016-11-24T14:17:39" hostname="pc3-020-l.cs.st-andrews.ac.uk" time="0.107">
  <properties/>
  <testcase name="checkUntil" classname="modelChecker.ModelCheckerTest" time="0.093"/>
  <testcase name="checkForAllAlways" classname="modelChecker.ModelCheckerTest" time="0.006"/>
  <testcase name="checkNext" classname="modelChecker.ModelCheckerTest" time="0.004"/>
  <testcase name="checkForAllEventially" classname="modelChecker.ModelCheckerTest" time="0.004"/>
  <system-out><![CDATA[s0-[act1]-s1
s0-[act2]-s2
s1-[act3]-s0
s2-[act4]-s1
s1-[act5]-s3
s3-[act6]-s3
s0-[act1]-s1
s0-[act2]-s2
s1-[act3]-s0
s2-[act4]-s1
s1-[act5]-s3
s3-[act6]-s3
s0-[act1]-s1
s0-[act2]-s2
s1-[act3]-s0
s2-[act4]-s1
s1-[act5]-s3
s3-[act6]-s3
s0-[act1]-s1
s0-[act2]-s2
s1-[act3]-s0
s2-[act4]-s1
s1-[act5]-s3
s3-[act6]-s3
]]></system-out>
  <system-err><![CDATA[]]></system-err>
</testsuite>
